20240126	12:17:39	02e009da-0f41-45bb-9012-92f4f189065e	GET	/register/students	undefined
20240126	12:18:12	885175d4-f7f7-401d-bd0a-7b37fc61786e	GET	/register/students	undefined
20240126	12:19:44	c14f6265-bbf7-48e6-b91a-e516fb3700cf	POST	/register/students	undefined
20240126	12:19:49	13046706-22a6-4e7a-8542-b39155843890	GET	/register/students	undefined
20240126	12:20:50	7b6b35ee-e68b-44cd-8f73-4464f3d36845	GET	/register/students	undefined
20240126	12:20:54	c779fe96-1822-4e04-a2f2-66b4d1861049	GET	/register/students	undefined
20240126	12:22:53	a1ddbb39-e150-4989-9f0a-4d72de006a57	GET	/register/students	undefined
20240126	12:23:03	2c302084-d3ec-4725-9534-624202dd1182	GET	/register/students	undefined
20240126	12:26:29	2a8a33d5-f23d-40bf-bfde-326e2ad61635	POST	/register/students	undefined
20240126	12:26:55	4a0afb5a-d272-46c3-9b16-278d9324a701	POST	/register/students	undefined
20240126	12:28:01	3fdfd6fe-4d8b-4dd2-b53c-d8235b3e9d91	POST	/register/students	undefined
20240126	12:28:08	ef79a3bb-9d57-4264-9baa-f6500a608701	GET	/register/students	undefined
20240126	12:29:05	3b03691a-9024-4190-9383-d180ea5e66be	GET	/register/students	undefined
20240126	12:34:22	98cb4d37-528c-4764-a1c4-4dee494f8ffa	POST	/register/students	undefined
20240126	12:34:53	2115feda-5d89-41d2-90a7-0cba85794345	POST	/register/students	undefined
20240126	12:35:53	8bb3341f-e062-49f6-9109-19fbe356ed57	POST	/register/students	undefined
20240504	07:13:27	2099a551-1cd1-4033-b60a-79db7f02a309	GET	/register/lecturers	undefined
20240504	07:14:26	b54182c6-6ab6-410c-8423-ce8cb954bd2e	POST	/register/lecturers	undefined
20240504	07:19:45	79baf4d5-9b25-42fa-b184-d3c02d873b63	POST	/register/lecturers	undefined
20240504	07:20:20	8316b8a6-59dc-4b1c-b83c-3647da0927ce	POST	/register/lecturers	undefined
20240504	07:21:04	c8d54b48-0457-4dea-8eb6-3c31bb8867f6	POST	/register/lecturers	undefined
20240504	07:21:16	afa6a2bb-edcf-462d-9274-df8064185696	GET	/register/lecturers	undefined
20240504	07:22:27	3116b52e-4b93-4cbc-b274-c05cf52cc87f	POST	/register/lecturers	undefined
20240504	07:22:41	117e791c-cd0d-48a7-ba7f-ab986e681aa8	GET	/register/lecturers	undefined
20240504	07:22:54	d491f347-1a35-4173-98bb-fac0fdc79855	POST	/register/lecturers	undefined
20240504	07:23:55	2fc92e29-eccc-49aa-bfcf-0576cefae080	POST	/register/lecturers	undefined
20240504	07:24:54	6e752945-02df-4cb1-a0e0-1b16ffa22f87	POST	/register/lecturers	undefined
20240504	07:25:06	65072027-cc69-4d1a-8b86-c653194cf4b4	POST	/register/lecturers	undefined
20240504	07:25:42	d40606a9-4777-494e-88d2-af05a0f985d3	GET	/register/lecturers	undefined
20240504	07:27:46	22a6f627-5945-40fb-b85e-06b51c48b14b	PATCH	/register/lecturers	undefined
20240504	07:27:59	afe2b21c-704f-463e-b0e7-7c6fea8500c6	PATCH	/register/lecturers	undefined
20240504	07:28:52	371d53c4-1c5e-47e8-a49c-24e10211bd3e	PATCH	/register/lecturers	undefined
20240504	07:31:16	4b93bacb-94a9-4a58-ac79-b59df648d3b7	PATCH	/register/lecturers	undefined
20240504	07:31:20	5ca5001d-d07b-4ba5-9f1e-d8c85a122bcb	PATCH	/register/lecturers	undefined
20240504	07:32:17	2a5370a1-185b-4b0e-8095-b329b6e14473	GET	/register/lecturers	undefined
20240504	07:32:29	d63f58b8-178d-41a0-bb01-a19eac7c32fb	PUT	/register/lecturers	undefined
20240504	07:32:51	d5b135f4-4785-4bcf-b43b-26f386923a5a	PATCH	/register/lecturers	undefined
20240504	07:39:35	fea4fc9a-7758-472e-bc4b-4b873aae55cb	PATCH	/register/lecturers	undefined
20240504	07:41:11	3e975fc6-a4f0-400e-beab-51c44a822366	PATCH	/register/lecturers	undefined
20240504	07:41:44	dafbe4e8-47a0-4d1d-8628-be9146f648ab	GET	/register/lecturers	undefined
20240504	07:42:28	f80119e7-abf5-4f16-8c3b-8e5e9adb3542	GET	/register/lecturers	undefined
20240504	07:42:53	d4986270-24e1-4745-978c-7c5fbeff6d45	GET	/register/lecturers	undefined
20240504	07:43:07	c6bce043-efb8-4c41-ac7d-b80f5a6bc58c	PATCH	/register/lecturers	undefined
20240504	07:43:17	790d847f-cd3f-49b5-88d1-e5b1b4c57960	GET	/register/lecturers	undefined
20240504	07:45:13	48575c7c-5410-4fe6-8e69-8db13f0da376	GET	/register/lecturers	undefined
20240504	07:45:22	aa407a81-cfcc-43b3-ab35-8f5071aa46a3	PATCH	/register/lecturers	undefined
20240504	07:45:27	eb8f15ff-dca8-4f50-a678-38d173340d10	PATCH	/register/lecturers	undefined
20240504	07:45:41	099b170e-787b-4070-a84b-9c7be4406031	PATCH	/register/lecturers	undefined
20240504	07:45:49	4fb7451f-c019-4af3-bcfc-b8b752771566	PATCH	/register/lecturers	undefined
20240504	07:46:57	08996bf7-cd4d-4bd5-90be-ce8f175edef7	PATCH	/register/lecturers	undefined
20240504	07:47:39	105c3425-bd00-4479-9f9e-215aa4f025ad	DELETE	/register/lecturers	undefined
20240504	07:48:27	d748a0e8-e12d-4c15-bf81-f0d488d2833d	GET	/register/lecturers	undefined
20240504	07:49:14	93da4827-abb9-40b1-981a-90e93ebaf20d	PATCH	/register/lecturers	undefined
20240504	07:49:58	07c082cc-5150-43e8-948d-4c0dfd10a4db	PATCH	/register/lecturers	undefined
20240504	07:52:25	32713e20-bdf5-4655-8a97-eeda333e3691	PATCH	/register/lecturers	undefined
20240504	07:52:29	32c8363e-417c-4894-8835-f375cda51d51	PATCH	/register/lecturers	undefined
20240504	07:52:38	c83df28b-4257-44e6-bb88-8aa28b380ea7	PATCH	/register/lecturers	undefined
20240504	07:52:58	05d1ec51-1a66-4f0d-9cde-119c16f103b7	GET	/register/lecturers	undefined
20240504	07:54:20	c17c40ee-e614-4527-9af7-e0c7d68b24e0	PATCH	/register/lecturers	undefined
20240504	07:54:47	7acf79e2-de13-488a-a6e5-eae09b97246c	PATCH	/register/lecturers	undefined
20240504	07:55:45	99ddd3d2-7490-48f6-8789-a6e59089b94b	GET	/register/lecturers	undefined
20240504	07:56:18	4f7e060b-d5bc-428f-8c5c-39c52ca67df1	PATCH	/register/lecturers	undefined
20240504	07:57:18	334cd12a-9bfc-4168-b19a-2fa109005602	PATCH	/register/lecturers	undefined
20240504	07:57:57	a982d4f7-d1e7-49bf-98e9-fbb2787eed4e	GET	/register/lecturers	undefined
20240504	07:58:43	a79e7083-cc91-4a92-9285-084cc068c051	DELETE	/register/lecturers	undefined
20240504	07:59:26	c08815e6-5a16-4d8b-b411-435f3fcd4239	GET	/register/lecturers	undefined
20240505	10:16:51	b64cbb6b-4110-445e-90cb-f53e785e963b	GET	/attendance	undefined
20240505	10:19:15	cb4dac57-0ec0-4f46-a6ad-22602fe9282d	POST	/attendance	undefined
20240505	10:20:11	dbffa0fe-047e-4c49-abee-44019957f267	POST	/attendance	undefined
20240505	10:21:57	0a937810-5aa0-4a43-91c9-a1656c42002a	GET	/register/lecturers	undefined
20240505	10:22:33	9afaaa55-7f5c-4a93-92f7-fa31ff5655ae	POST	/attendance	undefined
20240505	10:23:53	be46eb1c-6aa1-4764-9ad9-8895d2ff8469	POST	/attendance	undefined
20240505	10:27:46	4800f20d-9f47-4b88-b1a2-77159d2fc603	POST	/attendance	undefined
20240505	10:28:37	627c1a62-8edd-41fe-af09-6478256daed7	POST	/attendance	undefined
20240505	10:35:19	979440a9-5d39-42bc-8810-b1b1a075920b	GET	/register/students	undefined
20240505	10:35:34	5ba23695-15f6-46e9-b7af-a3e7286b2b44	GET	/attendance	undefined
20240505	10:40:47	018d51cf-cabc-43e9-aaa9-1371ad29ab92	GET	/attendance	undefined
20240505	10:41:01	48ac4257-d20d-4c1c-a701-0449d75fb117	POST	/attendance	undefined
20240505	10:42:11	0bf3df28-d4b1-4e2e-9d9a-70bf9a736b39	POST	/attendance	undefined
20240505	10:42:22	0c2c149c-b6bf-4a47-82f6-d378d55ec33c	GET	/attendance	undefined
20240505	10:44:31	f76b23af-6960-4cf8-8cec-65cf1a35e438	GET	/attendance	undefined
20240505	10:47:16	9a0848b2-ace5-43ad-ba51-e813a5795be9	POST	/attendance	undefined
20240505	10:51:23	8dea1df3-6c41-48b5-a6d0-13e917174fb5	GET	/attendance	undefined
20240505	10:51:43	053ffd3a-dbc4-4df6-b475-db1cdf97eb8f	POST	/attendance	undefined
20240505	10:51:51	7845a94e-3add-42e6-ad72-cb24e9cc6657	POST	/attendance	undefined
20240505	10:53:49	35959f0c-0209-4b70-b012-c963030b7f3c	GET	/attendance	undefined
20240505	10:54:00	0393138e-f51c-44fe-8055-944cff157795	POST	/attendance	undefined
20240505	10:54:11	5af62147-06ef-4b9e-b10f-5dff2e9d8db6	GET	/attendance	undefined
20240505	10:55:01	5a8bab7e-c205-4bd7-91e1-b67cd4f0521b	POST	/attendance	undefined
20240505	10:56:46	7f2876fc-19a3-48d8-bec3-82bc3e15aedd	POST	/attendance	undefined
20240505	10:56:51	04956b65-2ea9-4c44-8b01-3419f0db11f0	GET	/attendance	undefined
20240505	10:58:04	7da7fe1c-ad16-4511-9641-421840bad0ea	GET	/attendance	undefined
20240505	10:58:09	1d1403a3-84a8-4a01-90ef-90735a1138a4	POST	/attendance	undefined
20240505	10:58:14	5be5300a-4500-4070-a75e-f5580d2dca8f	GET	/attendance	undefined
20240505	11:00:27	59885528-155a-4eda-abeb-1ee3d02c7292	PATCH	/attendance	undefined
20240505	11:00:34	dce7edd5-0710-498c-a26e-ae7bd5727138	GET	/attendance	undefined
20240505	11:01:40	d8badf4e-8d78-4ceb-8a0a-00e246986116	PATCH	/attendance	undefined
20240505	11:04:36	2883bec7-962e-47ca-813a-bcea31fa019e	PATCH	/attendance	undefined
20240505	11:04:42	2bb691a6-d9c0-4d44-929d-65249dfcd11b	GET	/attendance	undefined
20240505	11:06:01	a8d1395c-2078-4fba-b91c-81f9de1d53f0	DELETE	/attendance	undefined
20240505	11:06:08	d4a7b278-7a4f-4f24-9caf-0e6882b00011	GET	/attendance	undefined
20240507	10:13:10	bc229874-6fdf-44ff-94a9-6238f1537273	GET	/attendance	undefined
20240507	10:15:58	de5e8983-0d03-453a-b137-08be74b1e4a2	GET	/attendance	undefined
20240507	10:19:34	3519df81-6385-4d62-9b83-4f507ac7c168	GET	/attendance	undefined
20240507	10:29:00	af61ead6-c08a-4b09-bc75-eb3f5e27471a	GET	/atte	undefined
20240507	10:29:05	80a8fa9e-6c81-4ae7-9ef0-d6d35b432694	GET	/attendance	undefined
20240507	10:30:20	3a206b3b-353b-44d7-ae0a-e8dd9c183fe8	GET	/register/lecturers	undefined
20240507	10:32:14	d8ef31a8-7548-4abb-93ba-59c7e924ec84	GET	/attendance	undefined
20240507	10:32:44	f8970a1b-d642-409c-a291-2a486c511215	GET	/attendance	undefined
20240507	10:34:16	cd505702-5a28-4e38-8355-5221fc728837	POST	/attendance	undefined
20240507	10:34:23	be4a2286-bb2d-4dd1-85fd-faeccb39c414	GET	/attendance	undefined
20240507	10:35:05	7b89a0e4-0dd3-4f80-aa29-29826fff5816	DELETE	/attendance	undefined
20240507	10:35:10	6252a980-b251-4748-9d7e-31d050a39f79	GET	/attendance	undefined
20240507	10:35:35	1aa3c941-b0a1-4456-911f-8b8d613d2e49	DELETE	/attendance	undefined
20240507	10:35:40	6dc9e434-3367-43ad-9a54-fae7d23db895	GET	/attendance	undefined
20240507	10:36:02	26dfb96b-eecd-446f-98a2-9f95b88fa71d	DELETE	/attendance	undefined
20240507	10:36:07	09c42b33-a82e-491f-be14-e895c0d98414	GET	/attendance	undefined
20240507	10:36:28	e5a4e4a6-6879-45b1-bb84-93f3d9e9c5c5	GET	/attendance	undefined
20240507	11:24:53	398e86a0-e154-41ba-9115-8901aa62a54d	POST	/register/lecturers	undefined
20240507	11:25:11	aefa971a-39f3-456b-a243-7e48738c46cb	POST	/register/lecturers	undefined
20240507	11:25:53	05a979cd-1dc4-44c8-b461-a9bed6766b12	POST	/register/lecturers	undefined
20240507	11:26:03	510df1b3-a8b1-4a48-a5dd-5d4448f3aa8b	POST	/register/lecturers	undefined
20240507	11:26:10	5746f412-2b7f-4958-815e-b4f9f5970d31	GET	/register/lecturers	undefined
20240507	11:27:24	ffbbb041-052b-4643-a22f-92310e81b39a	GET	/attendance	undefined
20240507	11:27:31	e2b43664-d0e2-4341-81f3-9e5b4c821a58	POST	/attendance	undefined
20240507	11:28:09	8ffa4a61-6751-42d7-a04e-3b4790f2d867	POST	/attendance	undefined
20240507	11:28:15	c3f66e1e-d823-483a-b2a5-014a5db6eb73	GET	/attendance	undefined
20240507	11:28:51	629eb8b9-025a-46cf-851c-0e7c3880b395	GET	/attendance	undefined
20240507	11:29:42	172f3e55-ca4d-40c9-8713-1d985758d449	POST	/register/lecturers	undefined
20240507	11:29:50	e0dded8d-20e6-4bdf-8226-12f8b8b05113	GET	/register/lecturers	undefined
20240507	11:30:17	dfdd7c65-1b77-4df7-aa56-d5083e981705	POST	/attendance	undefined
20240507	11:30:22	272faaae-1477-4c15-b2be-e2d135fa1a1a	GET	/attendance	undefined
20240508	11:48:05	53ff4c82-81a4-41b2-9b24-0d35b065f8d6	GET	/register/lecturers	undefined
20240508	12:02:04	e87030b8-52c7-46ed-851c-ed8cb03875a4	GET	/register/lecturers	http://localhost:5173
20240508	12:03:05	845603d8-4332-47e9-9046-951469abdd38	GET	/register/lecturers	http://localhost:5173
20240508	12:03:54	7433c735-28cc-44a9-8cef-1c156f2ab55b	GET	/register/lecturers	http://localhost:5173
20240508	12:04:56	a5340268-9754-4cd0-beff-3c82adf40870	GET	/register/lecturers	http://localhost:5173
20240508	12:05:47	d5b58c3d-2a50-4aa0-b5a3-53b960e19081	GET	/register/lecturers	http://localhost:5173
20240508	12:06:03	9df78a12-a5f8-42a7-be9c-da79d10544da	GET	/register/lecturers	http://localhost:5173
20240508	12:06:49	c58ebb5a-edb6-44b6-a02a-02d7bfcd2759	GET	/register/lecturers	http://localhost:5173
20240508	12:06:54	d0fc13bd-176e-4b77-b79e-9aab1cc9f1fc	GET	/register/lecturers	http://localhost:5173
20240508	12:07:01	4cef7962-a05a-49dd-972f-6b3af6df7fc9	GET	/register/lecturers	http://localhost:5173
20240508	12:07:09	f1aab357-0085-482d-b245-93b1426c1655	GET	/register/lecturers	http://localhost:5173
20240508	12:07:14	7398a471-02b1-4942-b230-fce387ba6b2f	GET	/register/lecturers	http://localhost:5173
20240508	12:08:15	5153b818-cb5b-47d6-8191-4bdbc870d0bf	GET	/register/lecturers	http://localhost:5173
20240508	12:08:25	6e29a7f6-d9f6-4327-b5b2-59e9b142d542	GET	/register/lecturers	http://localhost:5173
20240508	12:08:37	87d90e48-c44d-4d4e-9325-413b84406798	GET	/register/lecturers	http://localhost:5173
20240508	12:08:41	96d42c06-3d8b-4f42-9e25-adc327520ffe	GET	/register/lecturers	http://localhost:5173
20240508	12:08:44	6031e381-943d-46f3-bdc6-efbc7ba7a17f	GET	/register/lecturers	http://localhost:5173
20240508	12:08:56	0b8365b8-b4fd-46aa-8752-3e74bef9028c	GET	/register/lecturers	http://localhost:5173
20240508	12:09:35	6e45afd8-0983-4850-8525-1797de90b3db	GET	/register/lecturers	http://localhost:5173
20240508	12:10:36	9eee29c0-792a-4823-873b-2757a1589cdb	GET	/register/lecturers	http://localhost:5173
20240508	12:11:37	d8f7c852-95dc-4624-913f-b3aa85680df9	GET	/register/lecturers	http://localhost:5173
20240508	12:12:38	45afe112-f1fd-4745-a151-617ef07bb38f	GET	/register/lecturers	http://localhost:5173
20240508	12:13:39	ab866189-4edf-4492-bb0c-bc005aaaddc4	GET	/register/lecturers	http://localhost:5173
20240508	12:14:40	248fbaa4-d14c-4cf9-8379-ff16db4073c5	GET	/register/lecturers	http://localhost:5173
20240508	12:15:41	4ed12376-c212-4a64-ad9b-4a990c725841	GET	/register/lecturers	http://localhost:5173
20240508	12:16:41	db8e0a30-6aa5-425f-b428-e3980b57e5f6	GET	/register/lecturers	http://localhost:5173
20240508	12:17:26	88828c66-5d37-445e-96c7-79e49638ac84	GET	/register/lecturers	http://localhost:5173
20240508	12:17:32	77f68fad-a686-405f-b431-fe32fb21e9e1	GET	/register/lecturers	http://localhost:5173
20240508	12:17:33	6f2aceba-c6e4-4bb1-9c8f-dd4e746757ea	GET	/register/lecturers	http://localhost:5173
20240508	12:17:35	5e2afdd6-80db-4d41-a3a2-05e70f5a75c2	GET	/register/lecturers	http://localhost:5173
20240508	12:17:39	b7ae3aea-00a5-49a1-84f0-08f296c88bff	GET	/register/lecturers	http://localhost:5173
20240508	12:17:48	71ecf0c3-280c-4631-8799-3dab16e329b1	GET	/register/lecturers	http://localhost:5173
20240508	12:17:57	0811e916-12c5-4672-a3d1-db8ec6480332	GET	/register/lecturers	http://localhost:5173
20240508	12:18:03	465bdc64-7e72-4a6c-8cca-50f5da7efbcb	GET	/register/lecturers	http://localhost:5173
20240508	12:18:17	dd504616-ccd6-4b5f-b754-d7eeba37ade7	GET	/register/lecturers	http://localhost:5173
20240508	12:19:18	0b0a3875-aebb-4a32-a948-69b22cd079e0	GET	/register/lecturers	http://localhost:5173
20240508	12:19:23	7f409645-8568-48f9-9da0-5f88dd32a9d6	GET	/register/lecturers	http://localhost:5173
20240508	12:19:37	407197bd-d95b-4d31-b38e-65965e78afe7	GET	/register/lecturers	http://localhost:5173
20240508	12:19:40	17ee24ef-16b0-41b8-8fe4-80a393e23c3f	GET	/register/lecturers	http://localhost:5173
20240508	12:19:51	79a41ee4-2e6f-43bf-af9e-baf4bbbf926d	GET	/register/lecturers	http://localhost:5173
20240508	12:19:54	628db327-0325-434b-a4d7-1004636398bb	GET	/register/lecturers	http://localhost:5173
20240508	12:20:00	58951574-3e04-443b-b10f-d83e863be8ca	GET	/register/lecturers	http://localhost:5173
20240508	12:20:10	d184bed1-4612-4353-8257-58cf6c687a5d	GET	/register/lecturers	http://localhost:5173
20240508	12:21:12	71ae4b7c-7bdb-40bc-b4e3-379d52c7b1fe	GET	/register/lecturers	http://localhost:5173
20240508	12:21:18	876b34d8-9292-4b6e-9012-ad81a641aaa1	GET	/register/lecturers	http://localhost:5173
20240508	12:22:19	992781d3-0db8-4c6d-81d8-6ab7efab509a	GET	/register/lecturers	http://localhost:5173
20240508	12:23:19	72bb6d0c-9ac1-4ff4-8469-c2586ef0378c	GET	/register/lecturers	http://localhost:5173
20240508	12:24:20	d6ba7524-b4a3-4493-8106-eda75c275a91	GET	/register/lecturers	http://localhost:5173
20240508	12:25:23	1899ec95-4155-4a27-a558-959b7c0f85da	GET	/register/lecturers	http://localhost:5173
20240508	12:25:45	607edb01-3a1f-4407-9b19-1a4065b48018	GET	/register/lecturers	http://localhost:5173
20240508	12:26:45	11a2041c-031d-4267-b36e-33128dff5ec1	GET	/register/lecturers	http://localhost:5173
20240508	12:27:47	17fe79a0-85c8-4ee9-a8ac-471cea424578	GET	/register/lecturers	http://localhost:5173
20240508	12:28:48	9b10a5fc-f052-4627-a482-3a0717139069	GET	/register/lecturers	http://localhost:5173
20240508	12:29:49	734992a3-7d9c-4574-9465-52c39b1ae151	GET	/register/lecturers	http://localhost:5173
20240508	12:30:51	be686d86-b637-426c-b6a3-57af2ee1fa24	GET	/register/lecturers	http://localhost:5173
20240508	12:32:13	b8657784-9dc3-47b1-95cc-0504b37c5888	GET	/register/lecturers	http://localhost:5173
